# JRE version: OpenJDK Runtime Environment (16.0.2+7) (build 16.0.2+7-67)
# Java VM: OpenJDK 64-Bit Server VM (16.0.2+7-67, mixed mode, tiered, compressed oops, compressed class ptrs, g1 gc, windows-amd64)
GC Precious Log:
 CPUs: 6 total, 6 available
 Memory: 7861M
 Large Page Support: Disabled
 NUMA Support: Disabled
 Compressed Oops: Enabled (32-bit)
 Heap Region Size: 1M
 Heap Min Capacity: 8M
 Heap Initial Capacity: 124M
 Heap Max Capacity: 1966M
 Pre-touch: Disabled
 Parallel Workers: 6
 Concurrent Workers: 2
 Concurrent Refinement Workers: 6
 Periodic GC: Disabled
Heap:
 garbage-first heap   total 101376K, used 39238K [0x0000000085200000, 0x0000000100000000)
  region size 1024K, 9 young (9216K), 4 survivors (4096K)
 Metaspace       used 70068K, committed 70656K, reserved 1114112K
  class space    used 8352K, committed 8640K, reserved 1048576K
GC Heap History (20 events):
Event: 9.273 GC heap after
{Heap after GC invocations=22 (full 0):
 garbage-first heap   total 83968K, used 30413K [0x0000000085200000, 0x0000000100000000)
  region size 1024K, 4 young (4096K), 4 survivors (4096K)
 Metaspace       used 56868K, committed 57280K, reserved 1105920K
  class space    used 6905K, committed 7104K, reserved 1048576K
}
Event: 9.362 GC heap before
{Heap before GC invocations=22 (full 0):
 garbage-first heap   total 83968K, used 65229K [0x0000000085200000, 0x0000000100000000)
  region size 1024K, 40 young (40960K), 4 survivors (4096K)
 Metaspace       used 59248K, committed 59648K, reserved 1105920K
  class space    used 7063K, committed 7232K, reserved 1048576K
}
Event: 9.364 GC heap after
{Heap after GC invocations=23 (full 0):
 garbage-first heap   total 101376K, used 31597K [0x0000000085200000, 0x0000000100000000)
  region size 1024K, 2 young (2048K), 2 survivors (2048K)
 Metaspace       used 59248K, committed 59648K, reserved 1105920K
  class space    used 7063K, committed 7232K, reserved 1048576K
}
Event: 9.743 GC heap before
{Heap before GC invocations=24 (full 0):
 garbage-first heap   total 101376K, used 83821K [0x0000000085200000, 0x0000000100000000)
  region size 1024K, 53 young (54272K), 2 survivors (2048K)
 Metaspace       used 62894K, committed 63360K, reserved 1105920K
  class space    used 7433K, committed 7680K, reserved 1048576K
}
Event: 9.745 GC heap after
{Heap after GC invocations=25 (full 0):
 garbage-first heap   total 101376K, used 32139K [0x0000000085200000, 0x0000000100000000)
  region size 1024K, 3 young (3072K), 3 survivors (3072K)
 Metaspace       used 62894K, committed 63360K, reserved 1105920K
  class space    used 7433K, committed 7680K, reserved 1048576K
}
Event: 12.509 GC heap before
{Heap before GC invocations=26 (full 0):
 garbage-first heap   total 101376K, used 83339K [0x0000000085200000, 0x0000000100000000)
  region size 1024K, 54 young (55296K), 3 survivors (3072K)
 Metaspace       used 66375K, committed 66816K, reserved 1114112K
  class space    used 7839K, committed 8064K, reserved 1048576K
}
Event: 12.512 GC heap after
{Heap after GC invocations=27 (full 0):
 garbage-first heap   total 101376K, used 33977K [0x0000000085200000, 0x0000000100000000)
  region size 1024K, 5 young (5120K), 5 survivors (5120K)
 Metaspace       used 66375K, committed 66816K, reserved 1114112K
  class space    used 7839K, committed 8064K, reserved 1048576K
}
Event: 215.906 GC heap before
{Heap before GC invocations=27 (full 0):
 garbage-first heap   total 101376K, used 82105K [0x0000000085200000, 0x0000000100000000)
  region size 1024K, 53 young (54272K), 5 survivors (5120K)
 Metaspace       used 69439K, committed 69888K, reserved 1114112K
  class space    used 8268K, committed 8512K, reserved 1048576K
}
Event: 215.913 GC heap after
{Heap after GC invocations=28 (full 0):
 garbage-first heap   total 101376K, used 34934K [0x0000000085200000, 0x0000000100000000)
  region size 1024K, 5 young (5120K), 5 survivors (5120K)
 Metaspace       used 69439K, committed 69888K, reserved 1114112K
  class space    used 8268K, committed 8512K, reserved 1048576K
}
Event: 223.889 GC heap before
{Heap before GC invocations=28 (full 0):
 garbage-first heap   total 101376K, used 38006K [0x0000000085200000, 0x0000000100000000)
  region size 1024K, 9 young (9216K), 5 survivors (5120K)
 Metaspace       used 69553K, committed 70016K, reserved 1114112K
  class space    used 8293K, committed 8512K, reserved 1048576K
}
Event: 223.923 GC heap after
{Heap after GC invocations=29 (full 1):
 garbage-first heap   total 101376K, used 30005K [0x0000000085200000, 0x0000000100000000)
  region size 1024K, 0 young (0K), 0 survivors (0K)
 Metaspace       used 69511K, committed 70016K, reserved 1114112K
  class space    used 8290K, committed 8512K, reserved 1048576K
}
Event: 224.228 GC heap before
{Heap before GC invocations=29 (full 1):
 garbage-first heap   total 101376K, used 83253K [0x0000000085200000, 0x0000000100000000)
  region size 1024K, 52 young (53248K), 0 survivors (0K)
 Metaspace       used 69640K, committed 70144K, reserved 1114112K
  class space    used 8314K, committed 8576K, reserved 1048576K
}
Event: 224.230 GC heap after
{Heap after GC invocations=30 (full 1):
 garbage-first heap   total 101376K, used 32825K [0x0000000085200000, 0x0000000100000000)
  region size 1024K, 3 young (3072K), 3 survivors (3072K)
 Metaspace       used 69640K, committed 70144K, reserved 1114112K
  class space    used 8314K, committed 8576K, reserved 1048576K
}
Event: 224.323 GC heap before
{Heap before GC invocations=30 (full 1):
 garbage-first heap   total 101376K, used 84025K [0x0000000085200000, 0x0000000100000000)
  region size 1024K, 52 young (53248K), 3 survivors (3072K)
 Metaspace       used 69650K, committed 70144K, reserved 1114112K
  class space    used 8315K, committed 8576K, reserved 1048576K
}
Event: 224.325 GC heap after
{Heap after GC invocations=31 (full 1):
 garbage-first heap   total 101376K, used 32905K [0x0000000085200000, 0x0000000100000000)
  region size 1024K, 3 young (3072K), 3 survivors (3072K)
 Metaspace       used 69650K, committed 70144K, reserved 1114112K
  class space    used 8315K, committed 8576K, reserved 1048576K
}
Event: 228.213 GC heap before
{Heap before GC invocations=31 (full 1):
 garbage-first heap   total 101376K, used 84105K [0x0000000085200000, 0x0000000100000000)
  region size 1024K, 53 young (54272K), 3 survivors (3072K)
 Metaspace       used 69906K, committed 70400K, reserved 1114112K
  class space    used 8343K, committed 8576K, reserved 1048576K
}
Event: 228.215 GC heap after
{Heap after GC invocations=32 (full 1):
 garbage-first heap   total 101376K, used 34465K [0x0000000085200000, 0x0000000100000000)
  region size 1024K, 5 young (5120K), 5 survivors (5120K)
 Metaspace       used 69906K, committed 70400K, reserved 1114112K
  class space    used 8343K, committed 8576K, reserved 1048576K
}
Event: 279.622 GC heap before
{Heap before GC invocations=32 (full 1):
 garbage-first heap   total 101376K, used 81569K [0x0000000085200000, 0x0000000100000000)
  region size 1024K, 52 young (53248K), 5 survivors (5120K)
 Metaspace       used 70016K, committed 70592K, reserved 1114112K
  class space    used 8350K, committed 8640K, reserved 1048576K
}
Event: 279.628 GC heap after
{Heap after GC invocations=33 (full 1):
 garbage-first heap   total 101376K, used 34962K [0x0000000085200000, 0x0000000100000000)
  region size 1024K, 4 young (4096K), 4 survivors (4096K)
 Metaspace       used 70016K, committed 70592K, reserved 1114112K
  class space    used 8350K, committed 8640K, reserved 1048576K
}
Event: 309.929 GC heap before
{Heap before GC invocations=33 (full 1):
 garbage-first heap   total 101376K, used 39058K [0x0000000085200000, 0x0000000100000000)
  region size 1024K, 9 young (9216K), 4 survivors (4096K)
 Metaspace       used 70068K, committed 70656K, reserved 1114112K
  class space    used 8352K, committed 8640K, reserved 1048576K
}

